<?xml version="1.0" encoding="UTF-8" ?>
<testsuite tests="3" failures="1" name="testRunner.TestRunner" time="20.025" errors="0" skipped="0">
  <properties>
[...]
</properties>
  <testcase classname="Jewelry of nopCommerce application" name="verify jewelry feature" time="6.327">
    <failure message="expected: &lt;nopCommerce demo store. Elegant Gemstone Necklace (rental)&gt; but was: &lt;nopCommerce demo store. Jewelry&gt;" type="org.opentest4j.AssertionFailedError">org.opentest4j.AssertionFailedError: expected: &lt;nopCommerce demo store. Elegant Gemstone Necklace (rental)&gt; but was: &lt;nopCommerce demo store. Jewelry&gt;
	at org.junit.jupiter.api.AssertionUtils.fail(AssertionUtils.java:55)
	at org.junit.jupiter.api.AssertionUtils.failNotEqual(AssertionUtils.java:62)
	at org.junit.jupiter.api.AssertEquals.assertEquals(AssertEquals.java:182)
	at org.junit.jupiter.api.AssertEquals.assertEquals(AssertEquals.java:177)
	at org.junit.jupiter.api.Assertions.assertEquals(Assertions.java:1141)
	at steps.StepDefinitions.i_should_be_nevigate_to_elegant_gemstone_necklace_rental_page_ssuccessfully(StepDefinitions.java:221)
	at ✽.i should be nevigate to Elegant Gemstone Necklace rental page ssuccessfully(file:///H:/Rashmi/Assignment/src/test/java/features/Jewelry.feature:10)
</failure>
    <system-out>
@ui
Scenario: verify jewelry feature                                                   &amp;#27;[90m# src/test/java/features/Jewelry.feature:4&amp;#27;[0m
  &amp;#27;[32mGiven &amp;#27;[0m&amp;#27;[32mi nevigate to url &amp;#27;[0m&amp;#27;[32m&amp;#27;[1m&quot;https://demo.nopcommerce.com/&quot;&amp;#27;[0m                          &amp;#27;[90m# steps.StepDefinitions.i_nevigate_to_url(java.lang.String)&amp;#27;[0m
  &amp;#27;[32mThen &amp;#27;[0m&amp;#27;[32mi should be navigate to home page&amp;#27;[0m                                           &amp;#27;[90m# steps.StepDefinitions.i_should_be_navigate_to_home_page()&amp;#27;[0m
  &amp;#27;[32mWhen &amp;#27;[0m&amp;#27;[32mi click on jewelry link from the secondary navbar&amp;#27;[0m                           &amp;#27;[90m# steps.StepDefinitions.i_click_on_jewelry_link_from_the_secondary_navbar()&amp;#27;[0m
  &amp;#27;[32mThen &amp;#27;[0m&amp;#27;[32mi should be nevigate to jewelry page&amp;#27;[0m                                        &amp;#27;[90m# steps.StepDefinitions.i_should_be_nevigate_to_jewelry_page()&amp;#27;[0m
Page Name &lt;html lang=&quot;en&quot; class=&quot;html-category-page&quot;&gt;&lt;head&gt;&lt;title&gt;nopCommerce demo store. Jewelry&lt;/title&gt;&lt;meta charset=&quot;UTF-8&quot;&gt;&lt;meta name=&quot;description&quot; content=&quot;nopCommerce is the open-source eCommerce solution. nopCommerce is available for free. It has everything you need to get started in selling physical and digital goods over the internet.&quot;&gt;&lt;meta name=&quot;keywords&quot; content=&quot;open source ecommerce,open-source ecommerce,C# shopping cart,C#,asp.net e-commerce storefront,asp.net web store,.net ecommerce,C# shopping cart,shopping cart,e-commerce&quot;&gt;&lt;meta name=&quot;generator&quot; content=&quot;nopCommerce&quot;&gt;&lt;meta name=&quot;viewport&quot; content=&quot;width=device-width, initial-scale=1&quot;&gt;&lt;link href=&quot;/bundles/bj_uc8hdvogqgvhyntwygjxouzakh90zexgoovy68ti.min.css&quot; rel=&quot;stylesheet&quot;&gt;&lt;/head&gt;&lt;body&gt;&lt;div class=&quot;ajax-loading-block-window&quot; style=&quot;display:none&quot;&gt;&lt;/div&gt;&lt;div id=&quot;dialog-notifications-success&quot; title=&quot;Notification&quot; style=&quot;display:none&quot;&gt;&lt;/div&gt;&lt;div id=&quot;dialog-notifications-error&quot; title=&quot;Error&quot; style=&quot;display:none&quot;&gt;&lt;/div&gt;&lt;div id=&quot;dialog-notifications-warning&quot; title=&quot;Warning&quot; style=&quot;display:none&quot;&gt;&lt;/div&gt;&lt;div id=&quot;bar-notification&quot; class=&quot;bar-notification-container&quot; data-close=&quot;Close&quot;&gt;&lt;/div&gt;&lt;!--[if lte IE 8]&gt;&lt;div style=clear:both;height:59px;text-align:center;position:relative&gt;&lt;a href=http://www.microsoft.com/windows/internet-explorer/default.aspx target=_blank&gt; &lt;img src=/Themes/DefaultClean/Content/images/ie_warning.jpg height=42 width=820 alt=&quot;You are using an outdated browser. For a faster, safer browsing experience, upgrade for free today.&quot;&gt; &lt;/a&gt;&lt;/div&gt;&lt;![endif]--&gt;&lt;div class=&quot;master-wrapper-page&quot;&gt;&lt;div class=&quot;header&quot;&gt;&lt;div class=&quot;header-upper&quot;&gt;&lt;div class=&quot;header-selectors-wrapper&quot;&gt;&lt;div class=&quot;currency-selector&quot;&gt;&lt;select id=&quot;customerCurrency&quot; name=&quot;customerCurrency&quot; onchange=&quot;setLocation(this.value)&quot; aria-label=&quot;Currency selector&quot;&gt;&lt;option selected=&quot;&quot; value=&quot;https://demo.nopcommerce.com/changecurrency/1?returnUrl=%2Fjewelry&quot;&gt;US Dollar&lt;/option&gt;&lt;option value=&quot;https://demo.nopcommerce.com/changecurrency/6?returnUrl=%2Fjewelry&quot;&gt;Euro&lt;/option&gt;&lt;/select&gt;&lt;/div&gt;&lt;/div&gt;&lt;div class=&quot;header-links-wrapper&quot;&gt;&lt;div class=&quot;header-links&quot;&gt;&lt;ul&gt;&lt;li&gt;&lt;a href=&quot;/register?returnUrl=%2Fjewelry&quot; class=&quot;ico-register&quot;&gt;Register&lt;/a&gt;&lt;/li&gt;&lt;li&gt;&lt;a href=&quot;/login?returnUrl=%2Fjewelry&quot; class=&quot;ico-login&quot;&gt;Log in&lt;/a&gt;&lt;/li&gt;&lt;li&gt;&lt;a href=&quot;/wishlist&quot; class=&quot;ico-wishlist&quot;&gt; &lt;span class=&quot;wishlist-label&quot;&gt;Wishlist&lt;/span&gt; &lt;span class=&quot;wishlist-qty&quot;&gt;(0)&lt;/span&gt; &lt;/a&gt;&lt;/li&gt;&lt;li id=&quot;topcartlink&quot;&gt;&lt;a href=&quot;/cart&quot; class=&quot;ico-cart&quot;&gt; &lt;span class=&quot;cart-label&quot;&gt;Shopping cart&lt;/span&gt; &lt;span class=&quot;cart-qty&quot;&gt;(0)&lt;/span&gt; &lt;/a&gt;&lt;/li&gt;&lt;/ul&gt;&lt;/div&gt;&lt;div id=&quot;flyout-cart&quot; class=&quot;flyout-cart&quot;&gt;&lt;div class=&quot;mini-shopping-cart&quot;&gt;&lt;div class=&quot;count&quot;&gt;You have no items in your shopping cart.&lt;/div&gt;&lt;/div&gt;&lt;/div&gt;&lt;/div&gt;&lt;/div&gt;&lt;div class=&quot;header-lower&quot;&gt;&lt;div class=&quot;header-logo&quot;&gt;&lt;a href=&quot;/&quot;&gt; &lt;img alt=&quot;nopCommerce demo store&quot; src=&quot;https://demo.nopcommerce.com/Themes/DefaultClean/Content/images/logo.png&quot;&gt; &lt;/a&gt;&lt;/div&gt;&lt;div class=&quot;search-box store-search-box&quot;&gt;&lt;form method=&quot;get&quot; id=&quot;small-search-box-form&quot; action=&quot;/search&quot;&gt;&lt;input type=&quot;text&quot; class=&quot;search-box-text ui-autocomplete-input&quot; id=&quot;small-searchterms&quot; autocomplete=&quot;off&quot; name=&quot;q&quot; placeholder=&quot;Search store&quot; aria-label=&quot;Search store&quot;&gt; &lt;button type=&quot;submit&quot; class=&quot;button-1 search-box-button&quot;&gt;Search&lt;/button&gt;&lt;/form&gt;&lt;ul id=&quot;ui-id-1&quot; tabindex=&quot;0&quot; class=&quot;ui-menu ui-widget ui-widget-content ui-autocomplete ui-front&quot; style=&quot;display: none;&quot;&gt;&lt;/ul&gt;&lt;/div&gt;&lt;/div&gt;&lt;/div&gt;&lt;div class=&quot;header-menu&quot;&gt;&lt;ul class=&quot;top-menu notmobile&quot;&gt;&lt;li&gt;&lt;a href=&quot;/computers&quot;&gt;Computers &lt;/a&gt;&lt;div class=&quot;sublist-toggle&quot;&gt;&lt;/div&gt;&lt;ul class=&quot;sublist first-level&quot;&gt;&lt;li&gt;&lt;a href=&quot;/desktops&quot;&gt;Desktops &lt;/a&gt;&lt;/li&gt;&lt;li&gt;&lt;a href=&quot;/notebooks&quot;&gt;Notebooks &lt;/a&gt;&lt;/li&gt;&lt;li&gt;&lt;a href=&quot;/software&quot;&gt;Software &lt;/a&gt;&lt;/li&gt;&lt;/ul&gt;&lt;/li&gt;&lt;li&gt;&lt;a href=&quot;/electronics&quot;&gt;Electronics &lt;/a&gt;&lt;div class=&quot;sublist-toggle&quot;&gt;&lt;/div&gt;&lt;ul class=&quot;sublist first-level&quot;&gt;&lt;li&gt;&lt;a href=&quot;/camera-photo&quot;&gt;Camera &amp;amp; photo &lt;/a&gt;&lt;/li&gt;&lt;li&gt;&lt;a href=&quot;/cell-phones&quot;&gt;Cell phones &lt;/a&gt;&lt;/li&gt;&lt;li&gt;&lt;a href=&quot;/others&quot;&gt;Others &lt;/a&gt;&lt;/li&gt;&lt;/ul&gt;&lt;/li&gt;&lt;li&gt;&lt;a href=&quot;/apparel&quot;&gt;Apparel &lt;/a&gt;&lt;div class=&quot;sublist-toggle&quot;&gt;&lt;/div&gt;&lt;ul class=&quot;sublist first-level&quot;&gt;&lt;li&gt;&lt;a href=&quot;/shoes&quot;&gt;Shoes &lt;/a&gt;&lt;/li&gt;&lt;li&gt;&lt;a href=&quot;/clothing&quot;&gt;Clothing &lt;/a&gt;&lt;/li&gt;&lt;li&gt;&lt;a href=&quot;/accessories&quot;&gt;Accessories &lt;/a&gt;&lt;/li&gt;&lt;/ul&gt;&lt;/li&gt;&lt;li&gt;&lt;a href=&quot;/digital-downloads&quot;&gt;Digital downloads &lt;/a&gt;&lt;/li&gt;&lt;li&gt;&lt;a href=&quot;/books&quot;&gt;Books &lt;/a&gt;&lt;/li&gt;&lt;li&gt;&lt;a href=&quot;/jewelry&quot;&gt;Jewelry &lt;/a&gt;&lt;/li&gt;&lt;li&gt;&lt;a href=&quot;/gift-cards&quot;&gt;Gift Cards &lt;/a&gt;&lt;/li&gt;&lt;/ul&gt;&lt;div class=&quot;menu-toggle&quot;&gt;Categories&lt;/div&gt;&lt;ul class=&quot;top-menu mobile&quot;&gt;&lt;li&gt;&lt;a href=&quot;/computers&quot;&gt;Computers &lt;/a&gt;&lt;div class=&quot;sublist-toggle&quot;&gt;&lt;/div&gt;&lt;ul class=&quot;sublist first-level&quot;&gt;&lt;li&gt;&lt;a href=&quot;/desktops&quot;&gt;Desktops &lt;/a&gt;&lt;/li&gt;&lt;li&gt;&lt;a href=&quot;/notebooks&quot;&gt;Notebooks &lt;/a&gt;&lt;/li&gt;&lt;li&gt;&lt;a href=&quot;/software&quot;&gt;Software &lt;/a&gt;&lt;/li&gt;&lt;/ul&gt;&lt;/li&gt;&lt;li&gt;&lt;a href=&quot;/electronics&quot;&gt;Electronics &lt;/a&gt;&lt;div class=&quot;sublist-toggle&quot;&gt;&lt;/div&gt;&lt;ul class=&quot;sublist first-level&quot;&gt;&lt;li&gt;&lt;a href=&quot;/camera-photo&quot;&gt;Camera &amp;amp; photo &lt;/a&gt;&lt;/li&gt;&lt;li&gt;&lt;a href=&quot;/cell-phones&quot;&gt;Cell phones &lt;/a&gt;&lt;/li&gt;&lt;li&gt;&lt;a href=&quot;/others&quot;&gt;Others &lt;/a&gt;&lt;/li&gt;&lt;/ul&gt;&lt;/li&gt;&lt;li&gt;&lt;a href=&quot;/apparel&quot;&gt;Apparel &lt;/a&gt;&lt;div class=&quot;sublist-toggle&quot;&gt;&lt;/div&gt;&lt;ul class=&quot;sublist first-level&quot;&gt;&lt;li&gt;&lt;a href=&quot;/shoes&quot;&gt;Shoes &lt;/a&gt;&lt;/li&gt;&lt;li&gt;&lt;a href=&quot;/clothing&quot;&gt;Clothing &lt;/a&gt;&lt;/li&gt;&lt;li&gt;&lt;a href=&quot;/accessories&quot;&gt;Accessories &lt;/a&gt;&lt;/li&gt;&lt;/ul&gt;&lt;/li&gt;&lt;li&gt;&lt;a href=&quot;/digital-downloads&quot;&gt;Digital downloads &lt;/a&gt;&lt;/li&gt;&lt;li&gt;&lt;a href=&quot;/books&quot;&gt;Books &lt;/a&gt;&lt;/li&gt;&lt;li&gt;&lt;a href=&quot;/jewelry&quot;&gt;Jewelry &lt;/a&gt;&lt;/li&gt;&lt;li&gt;&lt;a href=&quot;/gift-cards&quot;&gt;Gift Cards &lt;/a&gt;&lt;/li&gt;&lt;/ul&gt;&lt;/div&gt;&lt;div class=&quot;master-wrapper-content&quot;&gt;&lt;div class=&quot;master-column-wrapper&quot;&gt;&lt;div class=&quot;breadcrumb&quot;&gt;&lt;ul itemscope=&quot;&quot; itemtype=&quot;http://schema.org/BreadcrumbList&quot;&gt;&lt;li&gt;&lt;a href=&quot;/&quot; title=&quot;Home&quot;&gt;Home&lt;/a&gt; &lt;span class=&quot;delimiter&quot;&gt;/&lt;/span&gt;&lt;/li&gt;&lt;li itemprop=&quot;itemListElement&quot; itemscope=&quot;&quot; itemtype=&quot;http://schema.org/ListItem&quot;&gt;&lt;strong class=&quot;current-item&quot; itemprop=&quot;name&quot;&gt;Jewelry&lt;/strong&gt; &lt;span itemprop=&quot;item&quot; itemscope=&quot;&quot; itemtype=&quot;http://schema.org/Thing&quot; id=&quot;/jewelry&quot;&gt; &lt;/span&gt;&lt;meta itemprop=&quot;position&quot; content=&quot;1&quot;&gt;&lt;/li&gt;&lt;/ul&gt;&lt;/div&gt;&lt;div class=&quot;side-2&quot;&gt;&lt;div class=&quot;block block-category-navigation&quot;&gt;&lt;div class=&quot;title&quot;&gt;&lt;strong&gt;Categories&lt;/strong&gt;&lt;/div&gt;&lt;div class=&quot;listbox&quot;&gt;&lt;ul class=&quot;list&quot;&gt;&lt;li class=&quot;inactive&quot;&gt;&lt;a href=&quot;/computers&quot;&gt;Computers &lt;/a&gt;&lt;/li&gt;&lt;li class=&quot;inactive&quot;&gt;&lt;a href=&quot;/electronics&quot;&gt;Electronics &lt;/a&gt;&lt;/li&gt;&lt;li class=&quot;inactive&quot;&gt;&lt;a href=&quot;/apparel&quot;&gt;Apparel &lt;/a&gt;&lt;/li&gt;&lt;li class=&quot;inactive&quot;&gt;&lt;a href=&quot;/digital-downloads&quot;&gt;Digital downloads &lt;/a&gt;&lt;/li&gt;&lt;li class=&quot;inactive&quot;&gt;&lt;a href=&quot;/books&quot;&gt;Books &lt;/a&gt;&lt;/li&gt;&lt;li class=&quot;active last&quot;&gt;&lt;a href=&quot;/jewelry&quot;&gt;Jewelry &lt;/a&gt;&lt;/li&gt;&lt;li class=&quot;inactive&quot;&gt;&lt;a href=&quot;/gift-cards&quot;&gt;Gift Cards &lt;/a&gt;&lt;/li&gt;&lt;/ul&gt;&lt;/div&gt;&lt;/div&gt;&lt;div class=&quot;block block-manufacturer-navigation&quot;&gt;&lt;div class=&quot;title&quot;&gt;&lt;strong&gt;Manufacturers&lt;/strong&gt;&lt;/div&gt;&lt;div class=&quot;listbox&quot;&gt;&lt;ul class=&quot;list&quot;&gt;&lt;li class=&quot;inactive&quot;&gt;&lt;a href=&quot;/apple&quot;&gt;Apple&lt;/a&gt;&lt;/li&gt;&lt;li class=&quot;inactive&quot;&gt;&lt;a href=&quot;/hp&quot;&gt;HP&lt;/a&gt;&lt;/li&gt;&lt;/ul&gt;&lt;div class=&quot;view-all&quot;&gt;&lt;a href=&quot;/manufacturer/all&quot;&gt;View all&lt;/a&gt;&lt;/div&gt;&lt;/div&gt;&lt;/div&gt;&lt;div class=&quot;block block-popular-tags&quot;&gt;&lt;div class=&quot;title&quot;&gt;&lt;strong&gt;Popular tags&lt;/strong&gt;&lt;/div&gt;&lt;div class=&quot;listbox&quot;&gt;&lt;div class=&quot;tags&quot;&gt;&lt;ul&gt;&lt;li&gt;&lt;a href=&quot;/apparel-2&quot; style=&quot;font-size:100%&quot;&gt;apparel&lt;/a&gt;&lt;/li&gt;&lt;li&gt;&lt;a href=&quot;/awesome&quot; style=&quot;font-size:150%&quot;&gt;awesome&lt;/a&gt;&lt;/li&gt;&lt;li&gt;&lt;a href=&quot;/book&quot; style=&quot;font-size:85%&quot;&gt;book&lt;/a&gt;&lt;/li&gt;&lt;li&gt;&lt;a href=&quot;/camera&quot; style=&quot;font-size:85%&quot;&gt;camera&lt;/a&gt;&lt;/li&gt;&lt;li&gt;&lt;a href=&quot;/cell&quot; style=&quot;font-size:85%&quot;&gt;cell&lt;/a&gt;&lt;/li&gt;&lt;li&gt;&lt;a href=&quot;/compact&quot; style=&quot;font-size:90%&quot;&gt;compact&lt;/a&gt;&lt;/li&gt;&lt;li&gt;&lt;a href=&quot;/computer&quot; style=&quot;font-size:120%&quot;&gt;computer&lt;/a&gt;&lt;/li&gt;&lt;li&gt;&lt;a href=&quot;/cool&quot; style=&quot;font-size:150%&quot;&gt;cool&lt;/a&gt;&lt;/li&gt;&lt;li&gt;&lt;a href=&quot;/digital&quot; style=&quot;font-size:85%&quot;&gt;digital&lt;/a&gt;&lt;/li&gt;&lt;li&gt;&lt;a href=&quot;/game&quot; style=&quot;font-size:85%&quot;&gt;game&lt;/a&gt;&lt;/li&gt;&lt;li&gt;&lt;a href=&quot;/jeans&quot; style=&quot;font-size:85%&quot;&gt;jeans&lt;/a&gt;&lt;/li&gt;&lt;li&gt;&lt;a href=&quot;/jewelry-2&quot; style=&quot;font-size:85%&quot;&gt;jewelry&lt;/a&gt;&lt;/li&gt;&lt;li&gt;&lt;a href=&quot;/nice&quot; style=&quot;font-size:90%&quot;&gt;nice&lt;/a&gt;&lt;/li&gt;&lt;li&gt;&lt;a href=&quot;/shirt&quot; style=&quot;font-size:85%&quot;&gt;shirt&lt;/a&gt;&lt;/li&gt;&lt;li&gt;&lt;a href=&quot;/shoes-2&quot; style=&quot;font-size:85%&quot;&gt;shoes&lt;/a&gt;&lt;/li&gt;&lt;/ul&gt;&lt;/div&gt;&lt;div class=&quot;view-all&quot;&gt;&lt;a href=&quot;/producttag/all&quot;&gt;View all&lt;/a&gt;&lt;/div&gt;&lt;/div&gt;&lt;/div&gt;&lt;/div&gt;&lt;div class=&quot;center-2&quot;&gt;&lt;div class=&quot;page category-page&quot;&gt;&lt;div class=&quot;page-title&quot;&gt;&lt;h1&gt;Jewelry&lt;/h1&gt;&lt;/div&gt;&lt;div class=&quot;page-body&quot;&gt;&lt;div class=&quot;product-selectors&quot;&gt;&lt;div class=&quot;product-viewmode&quot;&gt;&lt;span&gt;View as&lt;/span&gt; &lt;a class=&quot;viewmode-icon grid selected&quot; data-viewmode=&quot;grid&quot; title=&quot;Grid&quot;&gt;Grid&lt;/a&gt; &lt;a class=&quot;viewmode-icon list&quot; data-viewmode=&quot;list&quot; title=&quot;List&quot;&gt;List&lt;/a&gt;&lt;/div&gt;&lt;div class=&quot;product-sorting&quot;&gt;&lt;span&gt;Sort by&lt;/span&gt; &lt;select aria-label=&quot;Select product sort order&quot; id=&quot;products-orderby&quot; name=&quot;products-orderby&quot;&gt;&lt;option selected=&quot;&quot; value=&quot;0&quot;&gt;Position&lt;/option&gt;&lt;option value=&quot;5&quot;&gt;Name: A to Z&lt;/option&gt;&lt;option value=&quot;6&quot;&gt;Name: Z to A&lt;/option&gt;&lt;option value=&quot;10&quot;&gt;Price: Low to High&lt;/option&gt;&lt;option value=&quot;11&quot;&gt;Price: High to Low&lt;/option&gt;&lt;option value=&quot;15&quot;&gt;Created on&lt;/option&gt;&lt;/select&gt;&lt;/div&gt;&lt;div class=&quot;product-page-size&quot;&gt;&lt;span&gt;Display&lt;/span&gt; &lt;select aria-label=&quot;Select number of products per page&quot; id=&quot;products-pagesize&quot; name=&quot;products-pagesize&quot;&gt;&lt;option value=&quot;3&quot;&gt;3&lt;/option&gt;&lt;option selected=&quot;&quot; value=&quot;6&quot;&gt;6&lt;/option&gt;&lt;option value=&quot;9&quot;&gt;9&lt;/option&gt;&lt;/select&gt; &lt;span&gt;per page&lt;/span&gt;&lt;/div&gt;&lt;/div&gt;&lt;div class=&quot;products-container&quot;&gt;&lt;div class=&quot;ajax-products-busy&quot;&gt;&lt;/div&gt;&lt;div class=&quot;products-wrapper&quot;&gt;&lt;div class=&quot;product-grid&quot;&gt;&lt;div class=&quot;item-grid&quot;&gt;&lt;div class=&quot;item-box&quot;&gt;&lt;div class=&quot;product-item&quot; data-productid=&quot;40&quot;&gt;&lt;div class=&quot;picture&quot;&gt;&lt;a href=&quot;/elegant-gemstone-necklace-rental&quot; title=&quot;Show details for Elegant Gemstone Necklace (rental)&quot;&gt; &lt;img alt=&quot;Picture of Elegant Gemstone Necklace (rental)&quot; src=&quot;https://demo.nopcommerce.com/images/thumbs/0000071_elegant-gemstone-necklace-rental_415.jpg&quot; title=&quot;Show details for Elegant Gemstone Necklace (rental)&quot;&gt; &lt;/a&gt;&lt;/div&gt;&lt;div class=&quot;details&quot;&gt;&lt;h2 class=&quot;product-title&quot;&gt;&lt;a href=&quot;/elegant-gemstone-necklace-rental&quot;&gt;Elegant Gemstone Necklace (rental)&lt;/a&gt;&lt;/h2&gt;&lt;div class=&quot;product-rating-box&quot; title=&quot;0 review(s)&quot;&gt;&lt;div class=&quot;rating&quot;&gt;&lt;div style=&quot;width:0%&quot;&gt;&lt;/div&gt;&lt;/div&gt;&lt;/div&gt;&lt;div class=&quot;description&quot;&gt;Classic and elegant gemstone necklace now available in our store&lt;/div&gt;&lt;div class=&quot;add-info&quot;&gt;&lt;div class=&quot;prices&quot;&gt;&lt;span class=&quot;price actual-price&quot;&gt;$30.00 per 1 day(s)&lt;/span&gt;&lt;/div&gt;&lt;div class=&quot;buttons&quot;&gt;&lt;button type=&quot;button&quot; class=&quot;button-2 product-box-add-to-cart-button&quot; onclick=&quot;return AjaxCart.addproducttocart_catalog(&amp;quot;/addproducttocart/catalog/40/1/1&amp;quot;),!1&quot;&gt;Rent&lt;/button&gt; &lt;button type=&quot;button&quot; class=&quot;button-2 add-to-compare-list-button&quot; title=&quot;Add to compare list&quot; onclick=&quot;return AjaxCart.addproducttocomparelist(&amp;quot;/compareproducts/add/40&amp;quot;),!1&quot;&gt;Add to compare list&lt;/button&gt; &lt;button type=&quot;button&quot; class=&quot;button-2 add-to-wishlist-button&quot; title=&quot;Add to wishlist&quot; onclick=&quot;return AjaxCart.addproducttocart_catalog(&amp;quot;/addproducttocart/catalog/40/2/1&amp;quot;),!1&quot;&gt;Add to wishlist&lt;/button&gt;&lt;/div&gt;&lt;/div&gt;&lt;/div&gt;&lt;/div&gt;&lt;/div&gt;&lt;div class=&quot;item-box&quot;&gt;&lt;div class=&quot;product-item&quot; data-productid=&quot;41&quot;&gt;&lt;div class=&quot;picture&quot;&gt;&lt;a href=&quot;/flower-girl-bracelet&quot; title=&quot;Show details for Flower Girl Bracelet&quot;&gt; &lt;img alt=&quot;Picture of Flower Girl Bracelet&quot; src=&quot;https://demo.nopcommerce.com/images/thumbs/0000072_flower-girl-bracelet_415.jpg&quot; title=&quot;Show details for Flower Girl Bracelet&quot;&gt; &lt;/a&gt;&lt;/div&gt;&lt;div class=&quot;details&quot;&gt;&lt;h2 class=&quot;product-title&quot;&gt;&lt;a href=&quot;/flower-girl-bracelet&quot;&gt;Flower Girl Bracelet&lt;/a&gt;&lt;/h2&gt;&lt;div class=&quot;product-rating-box&quot; title=&quot;1 review(s)&quot;&gt;&lt;div class=&quot;rating&quot;&gt;&lt;div style=&quot;width:100%&quot;&gt;&lt;/div&gt;&lt;/div&gt;&lt;/div&gt;&lt;div class=&quot;description&quot;&gt;Personalised Flower Braceled&lt;/div&gt;&lt;div class=&quot;add-info&quot;&gt;&lt;div class=&quot;prices&quot;&gt;&lt;span class=&quot;price actual-price&quot;&gt;$360.00&lt;/span&gt;&lt;/div&gt;&lt;div class=&quot;buttons&quot;&gt;&lt;button type=&quot;button&quot; class=&quot;button-2 product-box-add-to-cart-button&quot; onclick=&quot;return AjaxCart.addproducttocart_catalog(&amp;quot;/addproducttocart/catalog/41/1/1&amp;quot;),!1&quot;&gt;Add to cart&lt;/button&gt; &lt;button type=&quot;button&quot; class=&quot;button-2 add-to-compare-list-button&quot; title=&quot;Add to compare list&quot; onclick=&quot;return AjaxCart.addproducttocomparelist(&amp;quot;/compareproducts/add/41&amp;quot;),!1&quot;&gt;Add to compare list&lt;/button&gt; &lt;button type=&quot;button&quot; class=&quot;button-2 add-to-wishlist-button&quot; title=&quot;Add to wishlist&quot; onclick=&quot;return AjaxCart.addproducttocart_catalog(&amp;quot;/addproducttocart/catalog/41/2/1&amp;quot;),!1&quot;&gt;Add to wishlist&lt;/button&gt;&lt;/div&gt;&lt;/div&gt;&lt;/div&gt;&lt;/div&gt;&lt;/div&gt;&lt;div class=&quot;item-box&quot;&gt;&lt;div class=&quot;product-item&quot; data-productid=&quot;42&quot;&gt;&lt;div class=&quot;picture&quot;&gt;&lt;a href=&quot;/vintage-style-engagement-ring&quot; title=&quot;Show details for Vintage Style Engagement Ring&quot;&gt; &lt;img alt=&quot;Picture of Vintage Style Engagement Ring&quot; src=&quot;https://demo.nopcommerce.com/images/thumbs/0000073_vintage-style-engagement-ring_415.jpg&quot; title=&quot;Show details for Vintage Style Engagement Ring&quot;&gt; &lt;/a&gt;&lt;/div&gt;&lt;div class=&quot;details&quot;&gt;&lt;h2 class=&quot;product-title&quot;&gt;&lt;a href=&quot;/vintage-style-engagement-ring&quot;&gt;Vintage Style Engagement Ring&lt;/a&gt;&lt;/h2&gt;&lt;div class=&quot;product-rating-box&quot; title=&quot;0 review(s)&quot;&gt;&lt;div class=&quot;rating&quot;&gt;&lt;div style=&quot;width:0%&quot;&gt;&lt;/div&gt;&lt;/div&gt;&lt;/div&gt;&lt;div class=&quot;description&quot;&gt;1.24 Carat (ctw) in 14K White Gold (Certified)&lt;/div&gt;&lt;div class=&quot;add-info&quot;&gt;&lt;div class=&quot;prices&quot;&gt;&lt;span class=&quot;price actual-price&quot;&gt;$2,100.00&lt;/span&gt;&lt;/div&gt;&lt;div class=&quot;buttons&quot;&gt;&lt;button type=&quot;button&quot; class=&quot;button-2 product-box-add-to-cart-button&quot; onclick=&quot;return AjaxCart.addproducttocart_catalog(&amp;quot;/addproducttocart/catalog/42/1/1&amp;quot;),!1&quot;&gt;Add to cart&lt;/button&gt; &lt;button type=&quot;button&quot; class=&quot;button-2 add-to-compare-list-button&quot; title=&quot;Add to compare list&quot; onclick=&quot;return AjaxCart.addproducttocomparelist(&amp;quot;/compareproducts/add/42&amp;quot;),!1&quot;&gt;Add to compare list&lt;/button&gt; &lt;button type=&quot;button&quot; class=&quot;button-2 add-to-wishlist-button&quot; title=&quot;Add to wishlist&quot; onclick=&quot;return AjaxCart.addproducttocart_catalog(&amp;quot;/addproducttocart/catalog/42/2/1&amp;quot;),!1&quot;&gt;Add to wishlist&lt;/button&gt;&lt;/div&gt;&lt;/div&gt;&lt;/div&gt;&lt;/div&gt;&lt;/div&gt;&lt;/div&gt;&lt;/div&gt;&lt;/div&gt;&lt;/div&gt;&lt;/div&gt;&lt;/div&gt;&lt;/div&gt;&lt;/div&gt;&lt;/div&gt;&lt;div class=&quot;footer&quot;&gt;&lt;div class=&quot;footer-upper&quot;&gt;&lt;div class=&quot;footer-block information&quot;&gt;&lt;div class=&quot;title&quot;&gt;&lt;strong&gt;Information&lt;/strong&gt;&lt;/div&gt;&lt;ul class=&quot;list&quot;&gt;&lt;li&gt;&lt;a href=&quot;/sitemap&quot;&gt;Sitemap&lt;/a&gt;&lt;/li&gt;&lt;li&gt;&lt;a href=&quot;/shipping-returns&quot;&gt;Shipping &amp;amp; returns&lt;/a&gt;&lt;/li&gt;&lt;li&gt;&lt;a href=&quot;/privacy-notice&quot;&gt;Privacy notice&lt;/a&gt;&lt;/li&gt;&lt;li&gt;&lt;a href=&quot;/conditions-of-use&quot;&gt;Conditions of Use&lt;/a&gt;&lt;/li&gt;&lt;li&gt;&lt;a href=&quot;/about-us&quot;&gt;About us&lt;/a&gt;&lt;/li&gt;&lt;li&gt;&lt;a href=&quot;/contactus&quot;&gt;Contact us&lt;/a&gt;&lt;/li&gt;&lt;/ul&gt;&lt;/div&gt;&lt;div class=&quot;footer-block customer-service&quot;&gt;&lt;div class=&quot;title&quot;&gt;&lt;strong&gt;Customer service&lt;/strong&gt;&lt;/div&gt;&lt;ul class=&quot;list&quot;&gt;&lt;li&gt;&lt;a href=&quot;/search&quot;&gt;Search&lt;/a&gt;&lt;/li&gt;&lt;li&gt;&lt;a href=&quot;/news&quot;&gt;News&lt;/a&gt;&lt;/li&gt;&lt;li&gt;&lt;a href=&quot;/blog&quot;&gt;Blog&lt;/a&gt;&lt;/li&gt;&lt;li&gt;&lt;a href=&quot;/recentlyviewedproducts&quot;&gt;Recently viewed products&lt;/a&gt;&lt;/li&gt;&lt;li&gt;&lt;a href=&quot;/compareproducts&quot;&gt;Compare products list&lt;/a&gt;&lt;/li&gt;&lt;li&gt;&lt;a href=&quot;/newproducts&quot;&gt;New products&lt;/a&gt;&lt;/li&gt;&lt;/ul&gt;&lt;/div&gt;&lt;div class=&quot;footer-block my-account&quot;&gt;&lt;div class=&quot;title&quot;&gt;&lt;strong&gt;My account&lt;/strong&gt;&lt;/div&gt;&lt;ul class=&quot;list&quot;&gt;&lt;li&gt;&lt;a href=&quot;/customer/info&quot;&gt;My account&lt;/a&gt;&lt;/li&gt;&lt;li&gt;&lt;a href=&quot;/order/history&quot;&gt;Orders&lt;/a&gt;&lt;/li&gt;&lt;li&gt;&lt;a href=&quot;/customer/addresses&quot;&gt;Addresses&lt;/a&gt;&lt;/li&gt;&lt;li&gt;&lt;a href=&quot;/cart&quot;&gt;Shopping cart&lt;/a&gt;&lt;/li&gt;&lt;li&gt;&lt;a href=&quot;/wishlist&quot;&gt;Wishlist&lt;/a&gt;&lt;/li&gt;&lt;li&gt;&lt;a href=&quot;/vendor/apply&quot;&gt;Apply for vendor account&lt;/a&gt;&lt;/li&gt;&lt;/ul&gt;&lt;/div&gt;&lt;div class=&quot;footer-block follow-us&quot;&gt;&lt;div class=&quot;social&quot;&gt;&lt;div class=&quot;title&quot;&gt;&lt;strong&gt;Follow us&lt;/strong&gt;&lt;/div&gt;&lt;ul class=&quot;networks&quot;&gt;&lt;li class=&quot;facebook&quot;&gt;&lt;a href=&quot;http://www.facebook.com/nopCommerce&quot; target=&quot;_blank&quot; rel=&quot;noopener noreferrer&quot;&gt;Facebook&lt;/a&gt;&lt;/li&gt;&lt;li class=&quot;twitter&quot;&gt;&lt;a href=&quot;https://twitter.com/nopCommerce&quot; target=&quot;_blank&quot; rel=&quot;noopener noreferrer&quot;&gt;Twitter&lt;/a&gt;&lt;/li&gt;&lt;li class=&quot;rss&quot;&gt;&lt;a href=&quot;/news/rss/1&quot;&gt;RSS&lt;/a&gt;&lt;/li&gt;&lt;li class=&quot;youtube&quot;&gt;&lt;a href=&quot;http://www.youtube.com/user/nopCommerce&quot; target=&quot;_blank&quot; rel=&quot;noopener noreferrer&quot;&gt;YouTube&lt;/a&gt;&lt;/li&gt;&lt;/ul&gt;&lt;/div&gt;&lt;div class=&quot;newsletter&quot;&gt;&lt;div class=&quot;title&quot;&gt;&lt;strong&gt;Newsletter&lt;/strong&gt;&lt;/div&gt;&lt;div class=&quot;newsletter-subscribe&quot; id=&quot;newsletter-subscribe-block&quot;&gt;&lt;div class=&quot;newsletter-email&quot;&gt;&lt;input id=&quot;newsletter-email&quot; class=&quot;newsletter-subscribe-text&quot; placeholder=&quot;Enter your email here...&quot; aria-label=&quot;Sign up for our newsletter&quot; type=&quot;email&quot; name=&quot;NewsletterEmail&quot;&gt; &lt;button type=&quot;button&quot; id=&quot;newsletter-subscribe-button&quot; class=&quot;button-1 newsletter-subscribe-button&quot;&gt;Subscribe&lt;/button&gt;&lt;/div&gt;&lt;div class=&quot;newsletter-validation&quot;&gt;&lt;span id=&quot;subscribe-loading-progress&quot; style=&quot;display:none&quot; class=&quot;please-wait&quot;&gt;Wait...&lt;/span&gt; &lt;span class=&quot;field-validation-valid&quot; data-valmsg-for=&quot;NewsletterEmail&quot; data-valmsg-replace=&quot;true&quot;&gt;&lt;/span&gt;&lt;/div&gt;&lt;/div&gt;&lt;div class=&quot;newsletter-result&quot; id=&quot;newsletter-result-block&quot;&gt;&lt;/div&gt;&lt;/div&gt;&lt;/div&gt;&lt;/div&gt;&lt;div class=&quot;footer-lower&quot;&gt;&lt;div class=&quot;footer-info&quot;&gt;&lt;span class=&quot;footer-disclaimer&quot;&gt;Copyright � 2021 nopCommerce demo store. All rights reserved.&lt;/span&gt;&lt;/div&gt;&lt;div class=&quot;footer-powered-by&quot;&gt;Powered by &lt;a href=&quot;https://www.nopcommerce.com/&quot;&gt;nopCommerce&lt;/a&gt;&lt;/div&gt;&lt;/div&gt;&lt;/div&gt;&lt;/div&gt;&lt;script async=&quot;&quot; src=&quot;//www.google-analytics.com/analytics.js&quot;&gt;&lt;/script&gt;&lt;script src=&quot;/bundles/hjvfnfzul8qjdfrqosgy-qyognnelg7tgzzwikgxlrm.min.js&quot;&gt;&lt;/script&gt;&lt;script&gt;$(document).ready(function(){var n=$(&quot;[data-viewmode]&quot;);n.on(&quot;click&quot;,function(){return $(this).hasClass(&quot;selected&quot;)||(n.toggleClass(&quot;selected&quot;),CatalogProducts.getProducts()),!1});$(CatalogProducts).on(&quot;before&quot;,function(n){var t=$(&quot;[data-viewmode].selected&quot;);t&amp;&amp;n.payload.urlBuilder.addParameter(&quot;viewmode&quot;,t.data(&quot;viewmode&quot;))})})&lt;/script&gt;&lt;script&gt;$(document).ready(function(){var n=$(&quot;#products-orderby&quot;);n.on(&quot;change&quot;,function(){CatalogProducts.getProducts()});$(CatalogProducts).on(&quot;before&quot;,function(t){t.payload.urlBuilder.addParameter(&quot;orderby&quot;,n.val())})})&lt;/script&gt;&lt;script&gt;$(document).ready(function(){var n=$(&quot;#products-pagesize&quot;);n.on(&quot;change&quot;,function(){CatalogProducts.getProducts()});$(CatalogProducts).on(&quot;before&quot;,function(t){t.payload.urlBuilder.addParameter(&quot;pagesize&quot;,n.val())})})&lt;/script&gt;&lt;script&gt;function addPagerHandlers(){$(&quot;[data-page]&quot;).on(&quot;click&quot;,function(n){return n.preventDefault(),CatalogProducts.getProducts($(this).data(&quot;page&quot;)),!1})}$(document).ready(function(){CatalogProducts.init({ajax:!0,browserPath:&quot;/jewelry&quot;,fetchUrl:&quot;/category/products?categoryId=15&quot;});addPagerHandlers();$(CatalogProducts).on(&quot;loaded&quot;,function(){addPagerHandlers()})})&lt;/script&gt;&lt;script&gt;$(document).ready(function(){$(&quot;.header&quot;).on(&quot;mouseenter&quot;,&quot;#topcartlink&quot;,function(){$(&quot;#flyout-cart&quot;).addClass(&quot;active&quot;)});$(&quot;.header&quot;).on(&quot;mouseleave&quot;,&quot;#topcartlink&quot;,function(){$(&quot;#flyout-cart&quot;).removeClass(&quot;active&quot;)});$(&quot;.header&quot;).on(&quot;mouseenter&quot;,&quot;#flyout-cart&quot;,function(){$(&quot;#flyout-cart&quot;).addClass(&quot;active&quot;)});$(&quot;.header&quot;).on(&quot;mouseleave&quot;,&quot;#flyout-cart&quot;,function(){$(&quot;#flyout-cart&quot;).removeClass(&quot;active&quot;)})})&lt;/script&gt;&lt;script&gt;$(&quot;#small-search-box-form&quot;).on(&quot;submit&quot;,function(n){$(&quot;#small-searchterms&quot;).val()==&quot;&quot;&amp;&amp;(alert(&quot;Please enter some search keyword&quot;),$(&quot;#small-searchterms&quot;).focus(),n.preventDefault())})&lt;/script&gt;&lt;script&gt;$(document).ready(function(){var n,t;$(&quot;#small-searchterms&quot;).autocomplete({delay:500,minLength:3,source:&quot;/catalog/searchtermautocomplete&quot;,appendTo:&quot;.search-box&quot;,select:function(n,t){return $(&quot;#small-searchterms&quot;).val(t.item.label),setLocation(t.item.producturl),!1},open:function(){n&amp;&amp;(t=document.getElementById(&quot;small-searchterms&quot;).value,$(&quot;.ui-autocomplete&quot;).append(&apos;&lt;li class=&quot;ui-menu-item&quot; role=&quot;presentation&quot;&gt;&lt;a href=&quot;/search?q=&apos;+t+&apos;&quot;&gt;View all results...&lt;\/a&gt;&lt;\/li&gt;&apos;))}}).data(&quot;ui-autocomplete&quot;)._renderItem=function(t,i){var r=i.label;return n=i.showlinktoresultsearch,r=htmlEncode(r),$(&quot;&lt;li&gt;&lt;\/li&gt;&quot;).data(&quot;item.autocomplete&quot;,i).append(&quot;&lt;a&gt;&lt;span&gt;&quot;+r+&quot;&lt;\/span&gt;&lt;\/a&gt;&quot;).appendTo(t)}})&lt;/script&gt;&lt;script&gt;var localized_data={AjaxCartFailure:&quot;Failed to add the product. Please refresh the page and try one more time.&quot;};AjaxCart.init(!1,&quot;.header-links .cart-qty&quot;,&quot;.header-links .wishlist-qty&quot;,&quot;#flyout-cart&quot;,localized_data)&lt;/script&gt;&lt;script&gt;$(document).ready(function(){$(&quot;.menu-toggle&quot;).on(&quot;click&quot;,function(){$(this).siblings(&quot;.top-menu.mobile&quot;).slideToggle(&quot;slow&quot;)});$(&quot;.top-menu.mobile .sublist-toggle&quot;).on(&quot;click&quot;,function(){$(this).siblings(&quot;.sublist&quot;).slideToggle(&quot;slow&quot;)})})&lt;/script&gt;&lt;script&gt;function newsletter_subscribe(n){var t=$(&quot;#subscribe-loading-progress&quot;),i;t.show();i={subscribe:n,email:$(&quot;#newsletter-email&quot;).val()};$.ajax({cache:!1,type:&quot;POST&quot;,url:&quot;/subscribenewsletter&quot;,data:i,success:function(n){$(&quot;#newsletter-result-block&quot;).html(n.Result);n.Success?($(&quot;#newsletter-subscribe-block&quot;).hide(),$(&quot;#newsletter-result-block&quot;).show()):$(&quot;#newsletter-result-block&quot;).fadeIn(&quot;slow&quot;).delay(2e3).fadeOut(&quot;slow&quot;)},error:function(){alert(&quot;Failed to subscribe.&quot;)},complete:function(){t.hide()}})}$(document).ready(function(){$(&quot;#newsletter-subscribe-button&quot;).on(&quot;click&quot;,function(){newsletter_subscribe(&quot;true&quot;)});$(&quot;#newsletter-email&quot;).on(&quot;keydown&quot;,function(n){if(n.keyCode==13)return $(&quot;#newsletter-subscribe-button&quot;).trigger(&quot;click&quot;),!1})})&lt;/script&gt;&lt;script&gt;$(document).ready(function(){$(&quot;.footer-block .title&quot;).on(&quot;click&quot;,function(){var n=window,t=&quot;inner&quot;,i;&quot;innerWidth&quot;in window||(t=&quot;client&quot;,n=document.documentElement||document.body);i={width:n[t+&quot;Width&quot;],height:n[t+&quot;Height&quot;]};i.width&lt;769&amp;&amp;$(this).siblings(&quot;.list&quot;).slideToggle(&quot;slow&quot;)})})&lt;/script&gt;&lt;script&gt;$(document).ready(function(){$(&quot;.block .title&quot;).on(&quot;click&quot;,function(){var n=window,t=&quot;inner&quot;,i;&quot;innerWidth&quot;in window||(t=&quot;client&quot;,n=document.documentElement||document.body);i={width:n[t+&quot;Width&quot;],height:n[t+&quot;Height&quot;]};i.width&lt;1001&amp;&amp;$(this).siblings(&quot;.listbox&quot;).slideToggle(&quot;slow&quot;)})})&lt;/script&gt;&lt;script&gt;(function(n,t,i,r,u,f,e){n.GoogleAnalyticsObject=u;n[u]=n[u]||function(){(n[u].q=n[u].q||[]).push(arguments)};n[u].l=1*new Date;f=t.createElement(i);e=t.getElementsByTagName(i)[0];f.async=1;f.src=r;e.parentNode.insertBefore(f,e)})(window,document,&quot;script&quot;,&quot;//www.google-analytics.com/analytics.js&quot;,&quot;ga&quot;);ga(&quot;create&quot;,&quot;UA-7490022-2&quot;,&quot;nopcommerce.com&quot;);ga(&quot;send&quot;,&quot;pageview&quot;)&lt;/script&gt;&lt;div role=&quot;status&quot; aria-live=&quot;assertive&quot; aria-relevant=&quot;additions&quot; class=&quot;ui-helper-hidden-accessible&quot;&gt;&lt;/div&gt;&lt;/body&gt;&lt;/html&gt;
  &amp;#27;[32mWhen &amp;#27;[0m&amp;#27;[32mi click on rent button of Elegant Gemstone Necklace&amp;#27;[0m                         &amp;#27;[90m# steps.StepDefinitions.i_click_on_rent_button_of_elegant_gemstone_necklace()&amp;#27;[0m
  &amp;#27;[31mThen &amp;#27;[0m&amp;#27;[31mi should be nevigate to Elegant Gemstone Necklace rental page ssuccessfully&amp;#27;[0m &amp;#27;[90m# steps.StepDefinitions.i_should_be_nevigate_to_elegant_gemstone_necklace_rental_page_ssuccessfully()&amp;#27;[0m
      &amp;#27;[31morg.opentest4j.AssertionFailedError: expected: &lt;nopCommerce demo store. Elegant Gemstone Necklace (rental)&gt; but was: &lt;nopCommerce demo store. Jewelry&gt;
	at org.junit.jupiter.api.AssertionUtils.fail(AssertionUtils.java:55)
	at org.junit.jupiter.api.AssertionUtils.failNotEqual(AssertionUtils.java:62)
	at org.junit.jupiter.api.AssertEquals.assertEquals(AssertEquals.java:182)
	at org.junit.jupiter.api.AssertEquals.assertEquals(AssertEquals.java:177)
	at org.junit.jupiter.api.Assertions.assertEquals(Assertions.java:1141)
	at steps.StepDefinitions.i_should_be_nevigate_to_elegant_gemstone_necklace_rental_page_ssuccessfully(StepDefinitions.java:221)
	at ✽.i should be nevigate to Elegant Gemstone Necklace rental page ssuccessfully(file:///H:/Rashmi/Assignment/src/test/java/features/Jewelry.feature:10)
&amp;#27;[0m
</system-out>
    <system-err>SLF4J: Failed to load class &quot;org.slf4j.impl.StaticLoggerBinder&quot;.
SLF4J: Defaulting to no-operation (NOP) logger implementation
SLF4J: See http://www.slf4j.org/codes.html#StaticLoggerBinder for further details.
Starting MSEdgeDriver 96.0.1054.34 (174c7c1059e27a34675c6793ade714941a5f4d5c) on port 37902
Only local connections are allowed.
Please see https://chromedriver.chromium.org/security-considerations for suggestions on keeping MSEdgeDriver safe.
MSEdgeDriver was started successfully.
Nov 29, 2021 12:07:32 AM org.openqa.selenium.remote.ProtocolHandshake createSession
INFO: Detected dialect: W3C
</system-err>
  </testcase>
  <testcase classname="Login of nopCommerce application #1" name="verify login with valid credentials" time="6.501"/>
  <testcase classname="Registration of nopCommerce application" name="Verify the registration by filling data in all the mandatory fields" time="7.197"/>
</testsuite>