<?xml version="1.0" encoding="UTF-8" ?>
<testsuite tests="3" failures="0" name="testRunner.TestRunner" time="26.384" errors="0" skipped="0">
  <properties>
[...]
</properties>
  <testcase classname="Jewelry of nopCommerce application" name="verify jewelry feature" time="10.231"/>
  <testcase classname="Login of nopCommerce application #1" name="verify login with valid credentials" time="6.923"/>
  <testcase classname="Registration of nopCommerce application" name="Verify the registration by filling data in all the mandatory fields" time="9.23"/>
</testsuite>